DEB [20210426-15:52:29.931] thr=1   paramiko.transport: starting thread (client mode): 0x2be1a48
DEB [20210426-15:52:29.931] thr=1   paramiko.transport: Local version/idstring: SSH-2.0-paramiko_2.7.2
DEB [20210426-15:52:29.937] thr=1   paramiko.transport: Remote version/idstring: SSH-2.0-OpenSSH_7.2
INF [20210426-15:52:29.937] thr=1   paramiko.transport: Connected (version 2.0, client OpenSSH_7.2)
DEB [20210426-15:52:29.943] thr=1   paramiko.transport: kex algos:['curve25519-sha256@libssh.org', 'ecdh-sha2-nistp256', 'ecdh-sha2-nistp384', 'ecdh-sha2-nistp521', 'diffie-hellman-group-exchange-sha256', 'diffie-hellman-group-exchange-sha1', 'diffie-hellman-group14-sha1'] server key:['ssh-rsa', 'rsa-sha2-512', 'rsa-sha2-256'] client encrypt:['chacha20-poly1305@openssh.com', 'aes128-ctr', 'aes192-ctr', 'aes256-ctr', 'aes128-gcm@openssh.com', 'aes256-gcm@openssh.com', 'arcfour256', 'arcfour128', 'aes128-cbc', '3des-cbc', 'blowfish-cbc', 'cast128-cbc', 'aes192-cbc', 'aes256-cbc', 'arcfour'] server encrypt:['chacha20-poly1305@openssh.com', 'aes128-ctr', 'aes192-ctr', 'aes256-ctr', 'aes128-gcm@openssh.com', 'aes256-gcm@openssh.com', 'arcfour256', 'arcfour128', 'aes128-cbc', '3des-cbc', 'blowfish-cbc', 'cast128-cbc', 'aes192-cbc', 'aes256-cbc', 'arcfour'] client mac:['umac-64-etm@openssh.com', 'umac-128-etm@openssh.com', 'hmac-sha2-256-etm@openssh.com', 'hmac-sha2-512-etm@openssh.com', 'hmac-sha1-etm@openssh.com', 'hmac-sha1', 'umac-64@openssh.com', 'umac-128@openssh.com', 'hmac-ripemd160', 'hmac-sha2-256', 'hmac-sha2-512'] server mac:['umac-64-etm@openssh.com', 'umac-128-etm@openssh.com', 'hmac-sha2-256-etm@openssh.com', 'hmac-sha2-512-etm@openssh.com', 'hmac-sha1-etm@openssh.com', 'hmac-sha1', 'umac-64@openssh.com', 'umac-128@openssh.com', 'hmac-ripemd160', 'hmac-sha2-256', 'hmac-sha2-512'] client compress:['none', 'zlib@openssh.com'] server compress:['none', 'zlib@openssh.com'] client lang:[''] server lang:[''] kex follows?False
DEB [20210426-15:52:29.943] thr=1   paramiko.transport: Kex agreed: curve25519-sha256@libssh.org
DEB [20210426-15:52:29.943] thr=1   paramiko.transport: HostKey agreed: ssh-rsa
DEB [20210426-15:52:29.943] thr=1   paramiko.transport: Cipher agreed: aes128-ctr
DEB [20210426-15:52:29.943] thr=1   paramiko.transport: MAC agreed: hmac-sha2-256
DEB [20210426-15:52:29.943] thr=1   paramiko.transport: Compression agreed: none
DEB [20210426-15:52:29.966] thr=1   paramiko.transport: kex engine KexCurve25519 specified hash_algo <built-in function openssl_sha256>
DEB [20210426-15:52:29.967] thr=1   paramiko.transport: Switch to new keys ...
DEB [20210426-15:52:29.967] thr=2   paramiko.transport: Attempting password auth...
DEB [20210426-15:52:30.011] thr=1   paramiko.transport: userauth is OK
INF [20210426-15:52:31.579] thr=1   paramiko.transport: Authentication (password) failed.
DEB [20210426-15:52:31.616] thr=1   paramiko.transport: EOF in transport thread
DEB [20210426-15:53:22.102] thr=1   paramiko.transport: starting thread (client mode): 0x2be1a48
DEB [20210426-15:53:22.102] thr=1   paramiko.transport: Local version/idstring: SSH-2.0-paramiko_2.7.2
DEB [20210426-15:53:22.103] thr=1   paramiko.transport: Remote version/idstring: SSH-2.0-ROSSSH
INF [20210426-15:53:22.103] thr=1   paramiko.transport: Connected (version 2.0, client ROSSSH)
DEB [20210426-15:53:22.108] thr=1   paramiko.transport: kex algos:['diffie-hellman-group-exchange-sha256', 'diffie-hellman-group-exchange-sha1', 'diffie-hellman-group14-sha1', 'diffie-hellman-group1-sha1'] server key:['ssh-dss', 'rsa-sha2-256', 'ssh-rsa'] client encrypt:['aes128-ctr', 'aes192-ctr', 'aes256-ctr', 'aes128-cbc', 'aes192-cbc', 'aes256-cbc', 'blowfish-cbc', '3des-cbc', 'none'] server encrypt:['aes128-ctr', 'aes192-ctr', 'aes256-ctr', 'aes128-cbc', 'aes192-cbc', 'aes256-cbc', 'blowfish-cbc', '3des-cbc', 'none'] client mac:['hmac-sha1', 'hmac-md5'] server mac:['hmac-sha1', 'hmac-md5'] client compress:['none'] server compress:['none'] client lang:[''] server lang:[''] kex follows?False
DEB [20210426-15:53:22.108] thr=1   paramiko.transport: Kex agreed: diffie-hellman-group-exchange-sha256
DEB [20210426-15:53:22.108] thr=1   paramiko.transport: HostKey agreed: ssh-rsa
DEB [20210426-15:53:22.108] thr=1   paramiko.transport: Cipher agreed: aes128-ctr
DEB [20210426-15:53:22.108] thr=1   paramiko.transport: MAC agreed: hmac-sha1
DEB [20210426-15:53:22.108] thr=1   paramiko.transport: Compression agreed: none
DEB [20210426-15:53:22.112] thr=1   paramiko.transport: Got server p (1024 bits)
DEB [20210426-15:53:22.481] thr=1   paramiko.transport: kex engine KexGexSHA256 specified hash_algo <built-in function openssl_sha256>
DEB [20210426-15:53:22.482] thr=1   paramiko.transport: Switch to new keys ...
DEB [20210426-15:53:22.482] thr=2   paramiko.transport: Attempting password auth...
DEB [20210426-15:53:22.510] thr=1   paramiko.transport: userauth is OK
INF [20210426-15:53:22.565] thr=1   paramiko.transport: Authentication (password) successful!
DEB [20210426-15:53:22.566] thr=2   paramiko.transport: [chan 0] Max packet in: 32768 bytes
DEB [20210426-15:53:22.568] thr=1   paramiko.transport: [chan 0] Max packet out: 262144 bytes
DEB [20210426-15:53:22.569] thr=1   paramiko.transport: Secsh channel 0 opened.
DEB [20210426-15:53:22.572] thr=1   paramiko.transport: [chan 0] Sesch channel 0 request ok
DEB [20210426-15:53:22.605] thr=1   paramiko.transport: [chan 0] EOF sent (0)
DEB [20210426-15:53:22.607] thr=1   paramiko.transport: EOF in transport thread
DEB [20210426-15:55:59.076] thr=1   paramiko.transport: starting thread (client mode): 0x2c01a48
DEB [20210426-15:55:59.076] thr=1   paramiko.transport: Local version/idstring: SSH-2.0-paramiko_2.7.2
DEB [20210426-15:55:59.101] thr=1   paramiko.transport: Remote version/idstring: SSH-2.0-ROSSSH
INF [20210426-15:55:59.101] thr=1   paramiko.transport: Connected (version 2.0, client ROSSSH)
DEB [20210426-15:55:59.104] thr=1   paramiko.transport: kex algos:['diffie-hellman-group-exchange-sha256', 'diffie-hellman-group-exchange-sha1', 'diffie-hellman-group14-sha1', 'diffie-hellman-group1-sha1'] server key:['ssh-dss', 'rsa-sha2-256', 'ssh-rsa'] client encrypt:['aes128-ctr', 'aes192-ctr', 'aes256-ctr', 'aes128-cbc', 'aes192-cbc', 'aes256-cbc', 'blowfish-cbc', '3des-cbc', 'none'] server encrypt:['aes128-ctr', 'aes192-ctr', 'aes256-ctr', 'aes128-cbc', 'aes192-cbc', 'aes256-cbc', 'blowfish-cbc', '3des-cbc', 'none'] client mac:['hmac-sha1', 'hmac-md5'] server mac:['hmac-sha1', 'hmac-md5'] client compress:['none'] server compress:['none'] client lang:[''] server lang:[''] kex follows?False
DEB [20210426-15:55:59.104] thr=1   paramiko.transport: Kex agreed: diffie-hellman-group-exchange-sha256
DEB [20210426-15:55:59.104] thr=1   paramiko.transport: HostKey agreed: ssh-rsa
DEB [20210426-15:55:59.104] thr=1   paramiko.transport: Cipher agreed: aes128-ctr
DEB [20210426-15:55:59.104] thr=1   paramiko.transport: MAC agreed: hmac-sha1
DEB [20210426-15:55:59.104] thr=1   paramiko.transport: Compression agreed: none
DEB [20210426-15:55:59.106] thr=1   paramiko.transport: Got server p (1024 bits)
DEB [20210426-15:55:59.488] thr=1   paramiko.transport: kex engine KexGexSHA256 specified hash_algo <built-in function openssl_sha256>
DEB [20210426-15:55:59.489] thr=1   paramiko.transport: Switch to new keys ...
DEB [20210426-15:55:59.489] thr=2   paramiko.transport: Attempting password auth...
DEB [20210426-15:55:59.492] thr=1   paramiko.transport: userauth is OK
INF [20210426-15:55:59.547] thr=1   paramiko.transport: Authentication (password) successful!
DEB [20210426-15:55:59.548] thr=2   paramiko.transport: [chan 0] Max packet in: 32768 bytes
DEB [20210426-15:55:59.551] thr=1   paramiko.transport: [chan 0] Max packet out: 262144 bytes
DEB [20210426-15:55:59.551] thr=1   paramiko.transport: Secsh channel 0 opened.
DEB [20210426-15:55:59.554] thr=1   paramiko.transport: [chan 0] Sesch channel 0 request ok
DEB [20210426-15:55:59.583] thr=2   paramiko.transport: [chan 0] EOF sent (0)
DEB [20210426-15:55:59.584] thr=1   paramiko.transport: EOF in transport thread
